2015-09-18 15:15:03,760 [Worker-2] INFO  o.e.m.c.i.l.LifecycleMappingFactory - Using org.maven.ide.eclipse.wtp.WarLifecycleMapping lifecycle mapping for MavenProject: helpchat-tests:helpchat-tests:0.0.1-SNAPSHOT @ C:\Users\mbandaru\repo\helpchat-tests\pom.xml.
2015-09-18 15:15:15,089 [Worker-2] INFO  o.e.m.j.i.AbstractJavaProjectConfigurator - Adding source folder /helpchat-tests/src
2015-09-18 15:15:15,090 [Worker-2] INFO  o.e.m.j.i.AbstractJavaProjectConfigurator - Not adding source folder /helpchat-tests/src/test/java because it overlaps with /helpchat-tests/src
2015-09-18 15:15:15,548 [Worker-5] INFO  o.e.m.c.i.l.LifecycleMappingFactory - Using org.maven.ide.eclipse.wtp.WarLifecycleMapping lifecycle mapping for MavenProject: helpchat-tests:helpchat-tests:0.0.1-SNAPSHOT @ C:\Users\mbandaru\repo\helpchat-tests\pom.xml.
2015-09-18 15:15:19,421 [Worker-2] INFO  o.e.m.c.i.p.ProjectConfigurationManager - Imported and configured 1 project(s) in 18 sec
2015-09-18 15:15:23,056 [Worker-5] INFO  o.e.m.c.i.l.LifecycleMappingFactory - Using org.maven.ide.eclipse.wtp.WarLifecycleMapping lifecycle mapping for MavenProject: helpchat-tests:helpchat-tests:0.0.1-SNAPSHOT @ C:\Users\mbandaru\repo\helpchat-tests\pom.xml.
2015-09-18 15:15:27,158 [Worker-5] WARN  o.e.m.c.i.embedder.EclipseLogger - Using platform encoding (Cp1252 actually) to copy filtered resources, i.e. build is platform dependent!
2015-09-18 15:15:27,163 [Worker-5] INFO  o.e.m.c.i.embedder.EclipseLogger - skip non existing resourceDirectory C:\Users\mbandaru\repo\helpchat-tests\src\main\resources
2015-09-18 15:15:27,166 [Worker-5] WARN  o.e.m.c.i.embedder.EclipseLogger - Using platform encoding (Cp1252 actually) to copy filtered resources, i.e. build is platform dependent!
2015-09-18 15:15:27,170 [Worker-5] INFO  o.e.m.c.i.embedder.EclipseLogger - skip non existing resourceDirectory C:\Users\mbandaru\repo\helpchat-tests\src\test\resources
2015-09-18 15:19:19,920 [Worker-0] WARN  o.e.m.c.i.embedder.EclipseLogger - Using platform encoding (Cp1252 actually) to copy filtered resources, i.e. build is platform dependent!
2015-09-18 15:19:19,927 [Worker-0] INFO  o.e.m.c.i.embedder.EclipseLogger - skip non existing resourceDirectory C:\Users\mbandaru\repo\helpchat-tests\src\main\resources
2015-09-18 15:19:19,928 [Worker-0] WARN  o.e.m.c.i.embedder.EclipseLogger - Using platform encoding (Cp1252 actually) to copy filtered resources, i.e. build is platform dependent!
2015-09-18 15:19:19,933 [Worker-0] INFO  o.e.m.c.i.embedder.EclipseLogger - skip non existing resourceDirectory C:\Users\mbandaru\repo\helpchat-tests\src\test\resources
2015-09-18 15:19:38,718 [Worker-1] WARN  o.e.m.c.i.embedder.EclipseLogger - Using platform encoding (Cp1252 actually) to copy filtered resources, i.e. build is platform dependent!
2015-09-18 15:19:38,747 [Worker-1] INFO  o.e.m.c.i.embedder.EclipseLogger - skip non existing resourceDirectory C:\Users\mbandaru\repo\helpchat-tests\src\main\resources
2015-09-18 15:19:38,763 [Worker-1] WARN  o.e.m.c.i.embedder.EclipseLogger - Using platform encoding (Cp1252 actually) to copy filtered resources, i.e. build is platform dependent!
2015-09-18 15:19:38,768 [Worker-1] INFO  o.e.m.c.i.embedder.EclipseLogger - skip non existing resourceDirectory C:\Users\mbandaru\repo\helpchat-tests\src\test\resources
2015-09-18 15:20:05,688 [Worker-5] WARN  o.e.m.c.i.embedder.EclipseLogger - Using platform encoding (Cp1252 actually) to copy filtered resources, i.e. build is platform dependent!
2015-09-18 15:20:05,691 [Worker-5] INFO  o.e.m.c.i.embedder.EclipseLogger - skip non existing resourceDirectory C:\Users\mbandaru\repo\helpchat-tests\src\main\resources
2015-09-18 15:20:05,696 [Worker-5] WARN  o.e.m.c.i.embedder.EclipseLogger - Using platform encoding (Cp1252 actually) to copy filtered resources, i.e. build is platform dependent!
2015-09-18 15:20:05,701 [Worker-5] INFO  o.e.m.c.i.embedder.EclipseLogger - skip non existing resourceDirectory C:\Users\mbandaru\repo\helpchat-tests\src\test\resources
2015-09-18 15:22:22,360 [Worker-0] WARN  o.e.m.c.i.embedder.EclipseLogger - Using platform encoding (Cp1252 actually) to copy filtered resources, i.e. build is platform dependent!
2015-09-18 15:22:22,367 [Worker-0] INFO  o.e.m.c.i.embedder.EclipseLogger - skip non existing resourceDirectory C:\Users\mbandaru\repo\helpchat-tests\src\main\resources
2015-09-18 15:22:22,379 [Worker-0] WARN  o.e.m.c.i.embedder.EclipseLogger - Using platform encoding (Cp1252 actually) to copy filtered resources, i.e. build is platform dependent!
2015-09-18 15:22:22,393 [Worker-0] INFO  o.e.m.c.i.embedder.EclipseLogger - skip non existing resourceDirectory C:\Users\mbandaru\repo\helpchat-tests\src\test\resources
2015-09-18 15:22:29,881 [Worker-17] WARN  o.e.m.c.i.embedder.EclipseLogger - Using platform encoding (Cp1252 actually) to copy filtered resources, i.e. build is platform dependent!
2015-09-18 15:22:29,940 [Worker-17] INFO  o.e.m.c.i.embedder.EclipseLogger - skip non existing resourceDirectory C:\Users\mbandaru\repo\helpchat-tests\src\main\resources
2015-09-18 15:22:29,947 [Worker-17] WARN  o.e.m.c.i.embedder.EclipseLogger - Using platform encoding (Cp1252 actually) to copy filtered resources, i.e. build is platform dependent!
2015-09-18 15:22:29,959 [Worker-17] INFO  o.e.m.c.i.embedder.EclipseLogger - skip non existing resourceDirectory C:\Users\mbandaru\repo\helpchat-tests\src\test\resources
2015-09-18 15:24:53,788 [Worker-17] WARN  o.e.m.c.i.embedder.EclipseLogger - Using platform encoding (Cp1252 actually) to copy filtered resources, i.e. build is platform dependent!
2015-09-18 15:24:53,795 [Worker-17] INFO  o.e.m.c.i.embedder.EclipseLogger - skip non existing resourceDirectory C:\Users\mbandaru\repo\helpchat-tests\src\main\resources
2015-09-18 15:24:53,801 [Worker-17] WARN  o.e.m.c.i.embedder.EclipseLogger - Using platform encoding (Cp1252 actually) to copy filtered resources, i.e. build is platform dependent!
2015-09-18 15:24:53,811 [Worker-17] INFO  o.e.m.c.i.embedder.EclipseLogger - skip non existing resourceDirectory C:\Users\mbandaru\repo\helpchat-tests\src\test\resources
2015-09-18 15:25:03,247 [Worker-3] WARN  o.e.m.c.i.embedder.EclipseLogger - Using platform encoding (Cp1252 actually) to copy filtered resources, i.e. build is platform dependent!
2015-09-18 15:25:03,252 [Worker-3] INFO  o.e.m.c.i.embedder.EclipseLogger - skip non existing resourceDirectory C:\Users\mbandaru\repo\helpchat-tests\src\main\resources
2015-09-18 15:25:03,260 [Worker-3] WARN  o.e.m.c.i.embedder.EclipseLogger - Using platform encoding (Cp1252 actually) to copy filtered resources, i.e. build is platform dependent!
2015-09-18 15:25:03,291 [Worker-3] INFO  o.e.m.c.i.embedder.EclipseLogger - skip non existing resourceDirectory C:\Users\mbandaru\repo\helpchat-tests\src\test\resources
2015-09-18 15:27:30,921 [Worker-15] INFO  o.e.m.i.launch.MavenLaunchDelegate - C:\Users\mbandaru\repo\helpchat-tests
2015-09-18 15:27:30,921 [Worker-15] INFO  o.e.m.i.launch.MavenLaunchDelegate -  mvn  -B install
2015-09-18 15:27:48,303 [Worker-16] WARN  o.e.m.c.i.embedder.EclipseLogger - Using platform encoding (Cp1252 actually) to copy filtered resources, i.e. build is platform dependent!
2015-09-18 15:27:48,314 [Worker-16] INFO  o.e.m.c.i.embedder.EclipseLogger - skip non existing resourceDirectory C:\Users\mbandaru\repo\helpchat-tests\src\main\resources
2015-09-18 15:27:48,321 [Worker-16] WARN  o.e.m.c.i.embedder.EclipseLogger - Using platform encoding (Cp1252 actually) to copy filtered resources, i.e. build is platform dependent!
2015-09-18 15:27:48,326 [Worker-16] INFO  o.e.m.c.i.embedder.EclipseLogger - skip non existing resourceDirectory C:\Users\mbandaru\repo\helpchat-tests\src\test\resources
2015-09-18 15:29:59,496 [Worker-5] WARN  o.e.m.c.i.embedder.EclipseLogger - Using platform encoding (Cp1252 actually) to copy filtered resources, i.e. build is platform dependent!
2015-09-18 15:29:59,501 [Worker-5] INFO  o.e.m.c.i.embedder.EclipseLogger - skip non existing resourceDirectory C:\Users\mbandaru\repo\helpchat-tests\src\main\resources
2015-09-18 15:29:59,502 [Worker-5] WARN  o.e.m.c.i.embedder.EclipseLogger - Using platform encoding (Cp1252 actually) to copy filtered resources, i.e. build is platform dependent!
2015-09-18 15:29:59,506 [Worker-5] INFO  o.e.m.c.i.embedder.EclipseLogger - skip non existing resourceDirectory C:\Users\mbandaru\repo\helpchat-tests\src\test\resources
2015-09-18 15:30:07,655 [Worker-3] INFO  o.e.m.c.i.l.LifecycleMappingFactory - Using org.maven.ide.eclipse.wtp.WarLifecycleMapping lifecycle mapping for MavenProject: helpchat-tests:helpchat-tests:0.0.1-SNAPSHOT @ C:\Users\mbandaru\repo\helpchat-tests\pom.xml.
2015-09-18 15:30:15,295 [Worker-3] WARN  o.e.m.c.i.embedder.EclipseLogger - Using platform encoding (Cp1252 actually) to copy filtered resources, i.e. build is platform dependent!
2015-09-18 15:30:15,305 [Worker-3] INFO  o.e.m.c.i.embedder.EclipseLogger - skip non existing resourceDirectory C:\Users\mbandaru\repo\helpchat-tests\src\main\resources
2015-09-18 15:30:15,309 [Worker-3] WARN  o.e.m.c.i.embedder.EclipseLogger - Using platform encoding (Cp1252 actually) to copy filtered resources, i.e. build is platform dependent!
2015-09-18 15:30:15,316 [Worker-3] INFO  o.e.m.c.i.embedder.EclipseLogger - skip non existing resourceDirectory C:\Users\mbandaru\repo\helpchat-tests\src\test\resources
2015-09-18 15:31:39,620 [Worker-17] WARN  o.e.m.c.i.embedder.EclipseLogger - Using platform encoding (Cp1252 actually) to copy filtered resources, i.e. build is platform dependent!
2015-09-18 15:31:39,680 [Worker-17] INFO  o.e.m.c.i.embedder.EclipseLogger - skip non existing resourceDirectory C:\Users\mbandaru\repo\helpchat-tests\src\main\resources
2015-09-18 15:31:39,681 [Worker-17] WARN  o.e.m.c.i.embedder.EclipseLogger - Using platform encoding (Cp1252 actually) to copy filtered resources, i.e. build is platform dependent!
2015-09-18 15:31:39,690 [Worker-17] INFO  o.e.m.c.i.embedder.EclipseLogger - skip non existing resourceDirectory C:\Users\mbandaru\repo\helpchat-tests\src\test\resources
2015-09-18 15:31:40,968 [Worker-13] WARN  o.e.m.c.i.embedder.EclipseLogger - Using platform encoding (Cp1252 actually) to copy filtered resources, i.e. build is platform dependent!
2015-09-18 15:31:40,975 [Worker-13] INFO  o.e.m.c.i.embedder.EclipseLogger - skip non existing resourceDirectory C:\Users\mbandaru\repo\helpchat-tests\src\main\resources
2015-09-18 15:31:40,982 [Worker-13] WARN  o.e.m.c.i.embedder.EclipseLogger - Using platform encoding (Cp1252 actually) to copy filtered resources, i.e. build is platform dependent!
2015-09-18 15:31:40,992 [Worker-13] INFO  o.e.m.c.i.embedder.EclipseLogger - skip non existing resourceDirectory C:\Users\mbandaru\repo\helpchat-tests\src\test\resources
2015-09-18 15:31:42,088 [Worker-16] WARN  o.e.m.c.i.embedder.EclipseLogger - Using platform encoding (Cp1252 actually) to copy filtered resources, i.e. build is platform dependent!
2015-09-18 15:31:42,096 [Worker-16] INFO  o.e.m.c.i.embedder.EclipseLogger - skip non existing resourceDirectory C:\Users\mbandaru\repo\helpchat-tests\src\main\resources
2015-09-18 15:31:42,098 [Worker-16] WARN  o.e.m.c.i.embedder.EclipseLogger - Using platform encoding (Cp1252 actually) to copy filtered resources, i.e. build is platform dependent!
2015-09-18 15:31:42,106 [Worker-16] INFO  o.e.m.c.i.embedder.EclipseLogger - skip non existing resourceDirectory C:\Users\mbandaru\repo\helpchat-tests\src\test\resources
2015-09-18 15:31:51,668 [Worker-1] INFO  o.e.m.i.launch.MavenLaunchDelegate - C:\Users\mbandaru\repo\helpchat-tests
2015-09-18 15:31:51,672 [Worker-1] INFO  o.e.m.i.launch.MavenLaunchDelegate -  mvn  -B install
2015-09-18 15:32:15,591 [Worker-14] WARN  o.e.m.c.i.embedder.EclipseLogger - Using platform encoding (Cp1252 actually) to copy filtered resources, i.e. build is platform dependent!
2015-09-18 15:32:15,597 [Worker-14] INFO  o.e.m.c.i.embedder.EclipseLogger - skip non existing resourceDirectory C:\Users\mbandaru\repo\helpchat-tests\src\main\resources
2015-09-18 15:32:15,601 [Worker-14] WARN  o.e.m.c.i.embedder.EclipseLogger - Using platform encoding (Cp1252 actually) to copy filtered resources, i.e. build is platform dependent!
2015-09-18 15:32:15,609 [Worker-14] INFO  o.e.m.c.i.embedder.EclipseLogger - skip non existing resourceDirectory C:\Users\mbandaru\repo\helpchat-tests\src\test\resources
2015-09-18 15:33:19,979 [Worker-13] WARN  o.e.m.c.i.embedder.EclipseLogger - Using platform encoding (Cp1252 actually) to copy filtered resources, i.e. build is platform dependent!
2015-09-18 15:33:19,992 [Worker-13] INFO  o.e.m.c.i.embedder.EclipseLogger - skip non existing resourceDirectory C:\Users\mbandaru\repo\helpchat-tests\src\main\resources
2015-09-18 15:33:19,998 [Worker-13] WARN  o.e.m.c.i.embedder.EclipseLogger - Using platform encoding (Cp1252 actually) to copy filtered resources, i.e. build is platform dependent!
2015-09-18 15:33:20,006 [Worker-13] INFO  o.e.m.c.i.embedder.EclipseLogger - skip non existing resourceDirectory C:\Users\mbandaru\repo\helpchat-tests\src\test\resources
2015-09-18 15:34:32,901 [Worker-18] WARN  o.e.m.c.i.embedder.EclipseLogger - Using platform encoding (Cp1252 actually) to copy filtered resources, i.e. build is platform dependent!
2015-09-18 15:34:32,911 [Worker-18] INFO  o.e.m.c.i.embedder.EclipseLogger - skip non existing resourceDirectory C:\Users\mbandaru\repo\helpchat-tests\src\main\resources
2015-09-18 15:34:32,916 [Worker-18] WARN  o.e.m.c.i.embedder.EclipseLogger - Using platform encoding (Cp1252 actually) to copy filtered resources, i.e. build is platform dependent!
2015-09-18 15:34:32,923 [Worker-18] INFO  o.e.m.c.i.embedder.EclipseLogger - skip non existing resourceDirectory C:\Users\mbandaru\repo\helpchat-tests\src\test\resources
